
> admin@0.1.0 build /Users/aaronparry/Developer/GymText/gymtext/apps/admin
> next build

   ▲ Next.js 16.0.7 (Turbopack)
   - Environments: .env.local

 ⚠ The "middleware" file convention is deprecated. Please use "proxy" instead. Learn more: https://nextjs.org/docs/messages/middleware-to-proxy
   Creating an optimized production build ...
 ✓ Compiled successfully in 15.2s
   Running TypeScript ...
   Collecting page data using 7 workers ...
[MessagingFactory] Using LocalMessagingClient (no SMS will be sent)
[MessagingFactory] Using LocalMessagingClient (no SMS will be sent)
[MessagingFactory] Using LocalMessagingClient (no SMS will be sent)
[MessagingFactory] Using LocalMessagingClient (no SMS will be sent)
[MessagingFactory] Using LocalMessagingClient (no SMS will be sent)
[MessagingFactory] Using LocalMessagingClient (no SMS will be sent)
[MessagingFactory] Using LocalMessagingClient (no SMS will be sent)
[MessagingFactory] Using LocalMessagingClient (no SMS will be sent)
[MessagingFactory] Using LocalMessagingClient (no SMS will be sent)
   Generating static pages using 7 workers (0/15) ...
[MessagingFactory] Using LocalMessagingClient (no SMS will be sent)
   Generating static pages using 7 workers (3/15) 
   Generating static pages using 7 workers (7/15) 
   Generating static pages using 7 workers (11/15) 
 ✓ Generating static pages using 7 workers (15/15) in 783.4ms
   Finalizing page optimization ...

Route (app)
┌ ƒ /_not-found
├ ƒ /api/admin/calendar
├ ƒ /api/admin/calendar/[date]
├ ƒ /api/admin/chains/fitness-plans/[planId]
├ ƒ /api/admin/chains/fitness-plans/[planId]/run
├ ƒ /api/admin/chains/microcycles/[microcycleId]
├ ƒ /api/admin/chains/microcycles/[microcycleId]/run
├ ƒ /api/admin/chains/profiles/[userId]/run
├ ƒ /api/admin/chains/workouts/[workoutId]
├ ƒ /api/admin/chains/workouts/[workoutId]/run
├ ƒ /api/admin/images
├ ƒ /api/admin/images/[id]
├ ƒ /api/admin/messages
├ ƒ /api/admin/prompts
├ ƒ /api/admin/prompts/[id]/[role]
├ ƒ /api/admin/prompts/[id]/[role]/history
├ ƒ /api/admin/users
├ ƒ /api/admin/users/[id]
├ ƒ /api/admin/users/[id]/chat
├ ƒ /api/admin/users/[id]/messages
├ ƒ /api/auth/admin/logout
├ ƒ /api/auth/admin/request-code
├ ƒ /api/auth/admin/verify-code
├ ƒ /calendar
├ ƒ /login
├ ƒ /messages
├ ƒ /prompts
├ ƒ /users
├ ƒ /users/[id]
├ ƒ /users/[id]/chat
├ ƒ /users/[id]/me
├ ƒ /users/[id]/me/plan
├ ƒ /users/[id]/messages
└ ƒ /users/[id]/program/workouts/[workoutId]


ƒ Proxy (Middleware)

ƒ  (Dynamic)  server-rendered on demand

